c:\Users\ganpati\documents\visual studio 2010\Projects\constructor_demo\constructor_demo\Debug\cl.command.1.tlog
c:\Users\ganpati\documents\visual studio 2010\Projects\constructor_demo\constructor_demo\Debug\CL.read.1.tlog
c:\Users\ganpati\documents\visual studio 2010\Projects\constructor_demo\constructor_demo\Debug\CL.write.1.tlog
C:\USERS\GANPATI\DOCUMENTS\VISUAL STUDIO 2010\PROJECTS\CONSTRUCTOR_DEMO\CONSTRUCTOR_DEMO\DEBUG\CONSTRUCTOR_DEMO.EXE.EMBED.MANIFEST
C:\USERS\GANPATI\DOCUMENTS\VISUAL STUDIO 2010\PROJECTS\CONSTRUCTOR_DEMO\CONSTRUCTOR_DEMO\DEBUG\CONSTRUCTOR_DEMO.EXE.EMBED.MANIFEST.RES
C:\USERS\GANPATI\DOCUMENTS\VISUAL STUDIO 2010\PROJECTS\CONSTRUCTOR_DEMO\CONSTRUCTOR_DEMO\DEBUG\CONSTRUCTOR_DEMO.EXE.INTERMEDIATE.MANIFEST
C:\USERS\GANPATI\DOCUMENTS\VISUAL STUDIO 2010\PROJECTS\CONSTRUCTOR_DEMO\CONSTRUCTOR_DEMO\DEBUG\CONSTRUCTOR_DEMO.OBJ
C:\USERS\GANPATI\DOCUMENTS\VISUAL STUDIO 2010\PROJECTS\CONSTRUCTOR_DEMO\CONSTRUCTOR_DEMO\DEBUG\CONSTRUCTOR_DEMO.PCH
c:\Users\ganpati\documents\visual studio 2010\Projects\constructor_demo\constructor_demo\Debug\constructor_demo.vcxprojResolveAssemblyReference.cache
c:\Users\ganpati\documents\visual studio 2010\Projects\constructor_demo\constructor_demo\Debug\constructor_demo.write.1.tlog
c:\Users\ganpati\documents\visual studio 2010\Projects\constructor_demo\constructor_demo\Debug\constructor_demo_manifest.rc
c:\Users\ganpati\documents\visual studio 2010\Projects\constructor_demo\constructor_demo\Debug\link.2464.read.1.tlog
c:\Users\ganpati\documents\visual studio 2010\Projects\constructor_demo\constructor_demo\Debug\link.2464.write.1.tlog
c:\Users\ganpati\documents\visual studio 2010\Projects\constructor_demo\constructor_demo\Debug\link.2464-cvtres.read.1.tlog
c:\Users\ganpati\documents\visual studio 2010\Projects\constructor_demo\constructor_demo\Debug\link.2464-cvtres.write.1.tlog
c:\Users\ganpati\documents\visual studio 2010\Projects\constructor_demo\constructor_demo\Debug\link.command.1.tlog
c:\Users\ganpati\documents\visual studio 2010\Projects\constructor_demo\constructor_demo\Debug\link.read.1.tlog
c:\Users\ganpati\documents\visual studio 2010\Projects\constructor_demo\constructor_demo\Debug\link.write.1.tlog
c:\Users\ganpati\documents\visual studio 2010\Projects\constructor_demo\constructor_demo\Debug\link-cvtres.read.1.tlog
c:\Users\ganpati\documents\visual studio 2010\Projects\constructor_demo\constructor_demo\Debug\link-cvtres.write.1.tlog
c:\Users\ganpati\documents\visual studio 2010\Projects\constructor_demo\constructor_demo\Debug\mt.command.1.tlog
c:\Users\ganpati\documents\visual studio 2010\Projects\constructor_demo\constructor_demo\Debug\mt.read.1.tlog
c:\Users\ganpati\documents\visual studio 2010\Projects\constructor_demo\constructor_demo\Debug\mt.write.1.tlog
c:\Users\ganpati\documents\visual studio 2010\Projects\constructor_demo\constructor_demo\Debug\rc.command.1.tlog
c:\Users\ganpati\documents\visual studio 2010\Projects\constructor_demo\constructor_demo\Debug\rc.read.1.tlog
c:\Users\ganpati\documents\visual studio 2010\Projects\constructor_demo\constructor_demo\Debug\rc.write.1.tlog
C:\USERS\GANPATI\DOCUMENTS\VISUAL STUDIO 2010\PROJECTS\CONSTRUCTOR_DEMO\CONSTRUCTOR_DEMO\DEBUG\STDAFX.OBJ
c:\Users\ganpati\documents\visual studio 2010\Projects\constructor_demo\constructor_demo\Debug\vc100.idb
C:\USERS\GANPATI\DOCUMENTS\VISUAL STUDIO 2010\PROJECTS\CONSTRUCTOR_DEMO\CONSTRUCTOR_DEMO\DEBUG\VC100.PDB
C:\USERS\GANPATI\DOCUMENTS\VISUAL STUDIO 2010\PROJECTS\CONSTRUCTOR_DEMO\DEBUG\CONSTRUCTOR_DEMO.EXE
C:\USERS\GANPATI\DOCUMENTS\VISUAL STUDIO 2010\PROJECTS\CONSTRUCTOR_DEMO\DEBUG\CONSTRUCTOR_DEMO.ILK
C:\USERS\GANPATI\DOCUMENTS\VISUAL STUDIO 2010\PROJECTS\CONSTRUCTOR_DEMO\DEBUG\CONSTRUCTOR_DEMO.PDB
