Build started 19-Jul-17 8:46:07 PM.
     1>Project "c:\Users\ganpati\documents\visual studio 2010\Projects\constructor_demo\constructor_demo\constructor_demo.vcxproj" on node 2 (build target(s)).
     1>InitializeBuildStatus:
         Creating "Debug\constructor_demo.unsuccessfulbuild" because "AlwaysCreate" was specified.
       ClCompile:
         All outputs are up-to-date.
         c:\Program Files\Microsoft Visual Studio 10.0\VC\bin\CL.exe /c /ZI /nologo /W3 /WX- /Od /Oy- /D WIN32 /D _DEBUG /D _CONSOLE /D _UNICODE /D UNICODE /Gm /EHsc /RTC1 /MDd /GS /fp:precise /Zc:wchar_t /Zc:forScope /Yu"StdAfx.h" /Fp"Debug\constructor_demo.pch" /Fo"Debug\\" /Fd"Debug\vc100.pdb" /Gd /TP /analyze- /errorReport:prompt constructor_demo.cpp
         constructor_demo.cpp
       ManifestResourceCompile:
         All outputs are up-to-date.
       Link:
         c:\Program Files\Microsoft Visual Studio 10.0\VC\bin\link.exe /ERRORREPORT:PROMPT /OUT:"c:\users\ganpati\documents\visual studio 2010\Projects\constructor_demo\Debug\constructor_demo.exe" /INCREMENTAL /NOLOGO kernel32.lib user32.lib gdi32.lib winspool.lib comdlg32.lib advapi32.lib shell32.lib ole32.lib oleaut32.lib uuid.lib odbc32.lib odbccp32.lib /MANIFEST /ManifestFile:"Debug\constructor_demo.exe.intermediate.manifest" /MANIFESTUAC:"level='asInvoker' uiAccess='false'" /DEBUG /PDB:"c:\users\ganpati\documents\visual studio 2010\Projects\constructor_demo\Debug\constructor_demo.pdb" /SUBSYSTEM:CONSOLE /TLBID:1 /DYNAMICBASE /NXCOMPAT /IMPLIB:"c:\users\ganpati\documents\visual studio 2010\Projects\constructor_demo\Debug\constructor_demo.lib" /MACHINE:X86 Debug\constructor_demo.exe.embed.manifest.res
         Debug\constructor_demo.obj
         Debug\stdafx.obj
       Manifest:
         c:\Program Files\Microsoft SDKs\Windows\v7.0A\bin\mt.exe /nologo /verbose /out:"Debug\constructor_demo.exe.embed.manifest" /manifest Debug\constructor_demo.exe.intermediate.manifest
         All outputs are up-to-date.
       LinkEmbedManifest:
         All outputs are up-to-date.
         constructor_demo.vcxproj -> c:\users\ganpati\documents\visual studio 2010\Projects\constructor_demo\Debug\constructor_demo.exe
       FinalizeBuildStatus:
         Deleting file "Debug\constructor_demo.unsuccessfulbuild".
         Touching "Debug\constructor_demo.lastbuildstate".
     1>Done Building Project "c:\Users\ganpati\documents\visual studio 2010\Projects\constructor_demo\constructor_demo\constructor_demo.vcxproj" (build target(s)).

Build succeeded.

Time Elapsed 00:00:01.34
